0	1	mikroCPIC1618.exe -MSF -DBG -pP18F87K90 -DL -O11111114 -fo64 -N"E:\EMBEDDED FILE\PROJECT FILES\OFFICE PROJECT\NEW\NK AUTOMATION\MICRO BRAIN V.2.0\VERSION\Micro_Brain_V32_TILL 30 OK NOW NEED TO CHANGE PICK IN TO LONG TYPE\Micro_Brain_V32.mcppi" -SP"C:\Users\Public\Documents\Mikroelektronika\mikroC PRO for PIC\Defs\" -SP"C:\Users\Public\Documents\Mikroelektronika\mikroC PRO for PIC\uses\P18\" -SP"E:\EMBEDDED FILE\PROJECT FILES\OFFICE PROJECT\NEW\NK AUTOMATION\MICRO BRAIN V.2.0\VERSION\Micro_Brain_V32_TILL 30 OK NOW NEED TO CHANGE PICK IN TO LONG TYPE\" -IP"C:\Users\Public\Documents\Mikroelektronika\mikroC PRO for PIC\uses\P18\" "main.c" "Setup.c" "Control_Fn.c" "EEPROM_Data.c" "DS3231_AT24C32.c" "NK_BANNER_LOGO.c" "__Lib_Math.mcl" "__Lib_MathDouble.mcl" "__Lib_System.mcl" "__Lib_Delays.mcl" "__Lib_CString.mcl" "__Lib_Conversions.mcl" "__Lib_Trigonometry.mcl" "__Lib_EEPROM_1024.mcl" "__Lib_I2C_c34d65_k22_k90.mcl" "__Lib_T6963C.mcl"	 
hint: 0	1139	Available RAM: 3807 [bytes], Available ROM: 131072 [bytes]	 
diagnostics: 0	122	Compilation Started	main.c
diagnostics: 700	123	Compiled Successfully	main.c
hint: 78	1354	 warning: "/*" within comment	E:\EMBEDDED FILE\PROJECT FILES\OFFICE PROJECT\NEW\NK AUTOMATION\MICRO BRAIN V.2.0\VERSION\Micro_Brain_V32_TILL 30 OK NOW NEED TO CHANGE PICK IN TO LONG TYPE\Setup.c
diagnostics: 0	122	Compilation Started	setup.h
diagnostics: 926	123	Compiled Successfully	Setup.c
hint: 284	1164	Variable 'block_count' has been eliminated by optimizer	Setup.c
diagnostics: 0	122	Compilation Started	setup.h
hint: 479	1163	Variable 'Colour_Addr' has been declared, but not used	Control_Fn.c
hint: 838	1163	Variable 'Colour_Addr' has been declared, but not used	Control_Fn.c
hint: 1453	1163	Variable 'Colour_Addr' has been declared, but not used	Control_Fn.c
diagnostics: 2931	123	Compiled Successfully	Control_Fn.c
hint: 286	1164	Variable 'SplFlag1' has been eliminated by optimizer	Control_Fn.c
hint: 288	1164	Variable 'temp16' has been eliminated by optimizer	Control_Fn.c
hint: 479	1164	Variable 'LoomStartAddr' has been eliminated by optimizer	Control_Fn.c
hint: 479	1164	Variable 'j' has been eliminated by optimizer	Control_Fn.c
hint: 479	1164	Variable 'k' has been eliminated by optimizer	Control_Fn.c
hint: 477	1164	Variable 'item' has been eliminated by optimizer	Control_Fn.c
hint: 477	1164	Variable 'SplFlag' has been eliminated by optimizer	Control_Fn.c
hint: 653	1164	Variable 'j' has been eliminated by optimizer	Control_Fn.c
hint: 654	1164	Variable 'temp_data' has been eliminated by optimizer	Control_Fn.c
hint: 756	1164	Variable 'j' has been eliminated by optimizer	Control_Fn.c
hint: 757	1164	Variable 'temp_data' has been eliminated by optimizer	Control_Fn.c
hint: 837	1164	Variable 'item' has been eliminated by optimizer	Control_Fn.c
hint: 837	1164	Variable 'i' has been eliminated by optimizer	Control_Fn.c
hint: 1118	1164	Variable 'SplFlag1' has been eliminated by optimizer	Control_Fn.c
hint: 1120	1164	Variable 'temp16' has been eliminated by optimizer	Control_Fn.c
hint: 1453	1164	Variable 'LoomStartAddr' has been eliminated by optimizer	Control_Fn.c
hint: 1453	1164	Variable 'j' has been eliminated by optimizer	Control_Fn.c
hint: 1453	1164	Variable 'k' has been eliminated by optimizer	Control_Fn.c
hint: 1451	1164	Variable 'Reset_loop' has been eliminated by optimizer	Control_Fn.c
hint: 1451	1164	Variable 'item' has been eliminated by optimizer	Control_Fn.c
hint: 1451	1164	Variable 'SplFlag' has been eliminated by optimizer	Control_Fn.c
hint: 1672	1164	Variable 'i' has been eliminated by optimizer	Control_Fn.c
hint: 1672	1164	Variable 'j' has been eliminated by optimizer	Control_Fn.c
hint: 1759	1164	Variable 'Reset_loop' has been eliminated by optimizer	Control_Fn.c
hint: 1759	1164	Variable 'item' has been eliminated by optimizer	Control_Fn.c
hint: 1759	1164	Variable 'SplFlag' has been eliminated by optimizer	Control_Fn.c
hint: 2326	1164	Variable 'value10' has been eliminated by optimizer	Control_Fn.c
hint: 2382	1164	Variable 'A10' has been eliminated by optimizer	Control_Fn.c
hint: 2382	1164	Variable 'B10' has been eliminated by optimizer	Control_Fn.c
hint: 2383	1164	Variable 'result100' has been eliminated by optimizer	Control_Fn.c
hint: 2385	1164	Variable 'intPart' has been eliminated by optimizer	Control_Fn.c
hint: 2621	1164	Variable 'ch' has been eliminated by optimizer	Control_Fn.c
diagnostics: 0	122	Compilation Started	eeprom_data.h
hint: 70	1163	Variable 'i' has been declared, but not used	EEPROM_Data.c
hint: 175	1163	Variable 'Colour_Addr' has been declared, but not used	EEPROM_Data.c
hint: 388	1163	Variable 'temp' has been declared, but not used	EEPROM_Data.c
hint: 389	1163	Variable 'temp16' has been declared, but not used	EEPROM_Data.c
diagnostics: 997	123	Compiled Successfully	EEPROM_Data.c
hint: 71	1164	Variable 'temp16' has been eliminated by optimizer	EEPROM_Data.c
hint: 174	1164	Variable 'temp' has been eliminated by optimizer	EEPROM_Data.c
hint: 372	1164	Variable 'temp' has been eliminated by optimizer	EEPROM_Data.c
hint: 373	1164	Variable 'temp16' has been eliminated by optimizer	EEPROM_Data.c
hint: 990	1164	Variable 'highByte' has been eliminated by optimizer	EEPROM_Data.c
hint: 993	1164	Variable 'scaledValue' has been eliminated by optimizer	EEPROM_Data.c
diagnostics: 0	122	Compilation Started	__t6963c.h
diagnostics: 97	123	Compiled Successfully	DS3231_AT24C32.c
hint: 56	1164	Variable 'temp' has been eliminated by optimizer	DS3231_AT24C32.c
hint: 88	1164	Variable 'L_temp' has been eliminated by optimizer	DS3231_AT24C32.c
diagnostics: 0	122	Compilation Started	NK_BANNER_LOGO.c
diagnostics: 135	123	Compiled Successfully	NK_BANNER_LOGO.c
diagnostics: 0	127	All files Compiled in 2391 ms	 
hint: 0	1144	Used RAM (bytes): 1012 (27%)  Free RAM (bytes): 2795 (73%)	Used RAM (bytes): 1012 (27%)  Free RAM (bytes): 2795 (73%)
hint: 0	1144	Used ROM (bytes): 73284 (56%)  Free ROM (bytes): 57788 (44%)	Used ROM (bytes): 73284 (56%)  Free ROM (bytes): 57788 (44%)
diagnostics: 0	125	Project Linked Successfully	Micro_Brain_V32.mcppi
diagnostics: 0	128	Linked in 719 ms	 
diagnostics: 0	129	Project 'Micro_Brain_V32.mcppi' completed: 3188 ms	 
diagnostics: 0	103	Finished successfully: 22 Jan 2026, 15:00:29	Micro_Brain_V32.mcppi
